#
# There is insufficient memory for the Java Runtime Environment to continue.
# Native memory allocation (malloc) failed to allocate 155216 bytes for Chunk::new
# Possible reasons:
#   The system is out of physical RAM or swap space
#   In 32 bit mode, the process size limit was hit
# Possible solutions:
#   Reduce memory load on the system
#   Increase physical memory or swap space
#   Check if swap backing store is full
#   Use 64 bit Java on a 64 bit OS
#   Decrease Java heap size (-Xmx/-Xms)
#   Decrease number of Java threads
#   Decrease Java thread stack sizes (-Xss)
#   Set larger code cache with -XX:ReservedCodeCacheSize=
# This output file may be truncated or incomplete.
#
#  Out of Memory Error (allocation.cpp:323), pid=8332, tid=7192
#
# JRE version: Java(TM) SE Runtime Environment (7.0_79-b15) (build 1.7.0_79-b15)
# Java VM: Java HotSpot(TM) 64-Bit Server VM (24.79-b02 mixed mode windows-amd64 compressed oops)
# Failed to write core dump. Minidumps are not enabled by default on client versions of Windows
#

---------------  T H R E A D  ---------------

Current thread (0x000000000ae50800):  JavaThread "C2 CompilerThread0" daemon [_thread_in_native, id=7192, stack(0x000000000b430000,0x000000000b530000)]

Stack: [0x000000000b430000,0x000000000b530000]

Current CompileTask:
C2:   3240  345             com.android.dx.ssa.back.FirstFitLocalCombiningAllocator::handleNormalUnassociated (99 bytes)


---------------  P R O C E S S  ---------------

Java Threads: ( => current thread )
  0x0000000002bcc800 JavaThread "Service Thread" daemon [_thread_blocked, id=9180, stack(0x000000000b630000,0x000000000b730000)]
  0x0000000002bcc000 JavaThread "C2 CompilerThread1" daemon [_thread_in_native, id=4104, stack(0x000000000b530000,0x000000000b630000)]
=>0x000000000ae50800 JavaThread "C2 CompilerThread0" daemon [_thread_in_native, id=7192, stack(0x000000000b430000,0x000000000b530000)]
  0x0000000002bc7000 JavaThread "Attach Listener" daemon [_thread_blocked, id=5772, stack(0x000000000b330000,0x000000000b430000)]
  0x0000000002bc2800 JavaThread "Signal Dispatcher" daemon [_thread_blocked, id=8756, stack(0x000000000b230000,0x000000000b330000)]
  0x0000000008e60800 JavaThread "Finalizer" daemon [_thread_blocked, id=856, stack(0x000000000ad30000,0x000000000ae30000)]
  0x0000000008e5a000 JavaThread "Reference Handler" daemon [_thread_blocked, id=8488, stack(0x000000000ac30000,0x000000000ad30000)]
  0x0000000002acd800 JavaThread "main" [_thread_in_Java, id=7756, stack(0x00000000028f0000,0x00000000029f0000)]

Other Threads:
  0x0000000008e56000 VMThread [stack: 0x000000000ab30000,0x000000000ac30000] [id=6800]
  0x000000000ae67800 WatcherThread [stack: 0x000000000b730000,0x000000000b830000] [id=7560]

VM state:not at safepoint (normal execution)

VM Mutex/Monitor currently owned by a thread: None

Heap
 PSYoungGen      total 37376K, used 32440K [0x00000000eaa80000, 0x00000000ef380000, 0x0000000100000000)
  eden space 32256K, 84% used [0x00000000eaa80000,0x00000000ec530fe8,0x00000000eca00000)
  from space 5120K, 99% used [0x00000000eca00000,0x00000000ecefd2f0,0x00000000ecf00000)
  to   space 5120K, 0% used [0x00000000eee80000,0x00000000eee80000,0x00000000ef380000)
 ParOldGen       total 84992K, used 1321K [0x00000000c0000000, 0x00000000c5300000, 0x00000000eaa80000)
  object space 84992K, 1% used [0x00000000c0000000,0x00000000c014a6b8,0x00000000c5300000)
 PSPermGen       total 21504K, used 5973K [0x00000000bae00000, 0x00000000bc300000, 0x00000000c0000000)
  object space 21504K, 27% used [0x00000000bae00000,0x00000000bb3d54b0,0x00000000bc300000)

Card table byte_map: [0x0000000005bd0000,0x0000000005e00000] byte_map_base: 0x00000000055f9000

Polling page: 0x0000000001160000

Code Cache  [0x0000000002bd0000, 0x0000000002e40000, 0x0000000005bd0000)
 total_blobs=581 nmethods=344 adapters=189 free_code_cache=47718Kb largest_free_block=48827520

Compilation events (10 events):
Event: 3.158 Thread 0x0000000002bcc000 nmethod 340 0x0000000002d33390 code [0x0000000002d334c0, 0x0000000002d33518]
Event: 3.158 Thread 0x0000000002bcc000  341             com.android.dx.rop.code.RopMethod::getBlocks (5 bytes)
Event: 3.158 Thread 0x0000000002bcc000 nmethod 341 0x0000000002d33190 code [0x0000000002d332c0, 0x0000000002d33318]
Event: 3.158 Thread 0x0000000002bcc000  342             com.android.dx.rop.code.Insn::hashCode (5 bytes)
Event: 3.159 Thread 0x0000000002bcc000 nmethod 342 0x0000000002d35f10 code [0x0000000002d36060, 0x0000000002d360e8]
Event: 3.159 Thread 0x0000000002bcc000  344             com.android.dx.cf.code.RopperMachine::getSources (264 bytes)
Event: 3.182 Thread 0x000000000ae50800 nmethod 335 0x0000000002d3b750 code [0x0000000002d3b980, 0x0000000002d3c388]
Event: 3.182 Thread 0x000000000ae50800  345             com.android.dx.ssa.back.FirstFitLocalCombiningAllocator::handleNormalUnassociated (99 bytes)
Event: 3.184 Thread 0x0000000002bcc000 nmethod 344 0x0000000002d39b50 code [0x0000000002d39d40, 0x0000000002d3a818]
Event: 3.184 Thread 0x0000000002bcc000  346             com.android.dx.ssa.SsaRenamer::setNameForSsaReg (54 bytes)

GC Heap History (2 events):
Event: 1.995 GC heap before
{Heap before GC invocations=1 (full 0):
 PSYoungGen      total 37376K, used 32256K [0x00000000eaa80000, 0x00000000ed400000, 0x0000000100000000)
  eden space 32256K, 100% used [0x00000000eaa80000,0x00000000eca00000,0x00000000eca00000)
  from space 5120K, 0% used [0x00000000ecf00000,0x00000000ecf00000,0x00000000ed400000)
  to   space 5120K, 0% used [0x00000000eca00000,0x00000000eca00000,0x00000000ecf00000)
 ParOldGen       total 84992K, used 0K [0x00000000c0000000, 0x00000000c5300000, 0x00000000eaa80000)
  object space 84992K, 0% used [0x00000000c0000000,0x00000000c0000000,0x00000000c5300000)
 PSPermGen       total 21504K, used 5847K [0x00000000bae00000, 0x00000000bc300000, 0x00000000c0000000)
  object space 21504K, 27% used [0x00000000bae00000,0x00000000bb3b5c80,0x00000000bc300000)
Event: 2.035 GC heap after
Heap after GC invocations=1 (full 0):
 PSYoungGen      total 37376K, used 5108K [0x00000000eaa80000, 0x00000000ef380000, 0x0000000100000000)
  eden space 32256K, 0% used [0x00000000eaa80000,0x00000000eaa80000,0x00000000eca00000)
  from space 5120K, 99% used [0x00000000eca00000,0x00000000ecefd2f0,0x00000000ecf00000)
  to   space 5120K, 0% used [0x00000000eee80000,0x00000000eee80000,0x00000000ef380000)
 ParOldGen       total 84992K, used 1321K [0x00000000c0000000, 0x00000000c5300000, 0x00000000eaa80000)
  object space 84992K, 1% used [0x00000000c0000000,0x00000000c014a6b8,0x00000000c5300000)
 PSPermGen       total 21504K, used 5847K [0x00000000bae00000, 0x00000000bc300000, 0x00000000c0000000)
  object space 21504K, 27% used [0x00000000bae00000,0x00000000bb3b5c80,0x00000000bc300000)
}

Deoptimization events (8 events):
Event: 0.806 Thread 0x000000000afd9000 Uncommon trap: reason=class_check action=maybe_recompile pc=0x0000000002c463c0 method=com.android.dx.ssa.NormalSsaInsn.accept(Lcom/android/dx/ssa/SsaInsn$Visitor;)V @ 9
Event: 0.900 Thread 0x000000000b00d000 Uncommon trap: reason=null_check action=make_not_entrant pc=0x0000000002c4b900 method=com.android.dx.rop.code.LocalItem.equals(Ljava/lang/Object;)Z @ 1
Event: 1.368 Thread 0x000000000b00d000 Uncommon trap: reason=unreached action=reinterpret pc=0x0000000002c57444 method=com.android.dx.rop.cst.Constant.compareTo(Lcom/android/dx/rop/cst/Constant;)I @ 12
Event: 1.689 Thread 0x000000000afd9000 Uncommon trap: reason=null_check action=make_not_entrant pc=0x0000000002c8a628 method=com.android.dx.ssa.SsaRenamer.getLocalForNewReg(I)Lcom/android/dx/rop/code/LocalItem; @ 19
Event: 2.155 Thread 0x000000000afd9000 Uncommon trap: reason=null_check action=make_not_entrant pc=0x0000000002c6da90 method=com.android.dx.rop.type.Type.equals(Ljava/lang/Object;)Z @ 8
Event: 2.340 Thread 0x000000000b00d000 Uncommon trap: reason=bimorphic action=maybe_recompile pc=0x0000000002cd7578 method=com.android.dx.ssa.SCCP.setLatticeValueTo(IILcom/android/dx/rop/cst/Constant;)Z @ 43
Event: 2.340 Thread 0x000000000b00d000 Uncommon trap: reason=bimorphic action=maybe_recompile pc=0x0000000002cd7578 method=com.android.dx.ssa.SCCP.setLatticeValueTo(IILcom/android/dx/rop/cst/Constant;)Z @ 43
Event: 2.374 Thread 0x000000000afd9000 Uncommon trap: reason=bimorphic action=maybe_recompile pc=0x0000000002cd7578 method=com.android.dx.ssa.SCCP.setLatticeValueTo(IILcom/android/dx/rop/cst/Constant;)Z @ 43

Internal exceptions (10 events):
Event: 1.217 Thread 0x0000000002acd800 Threw 0x00000000ebb84da0 at C:\re\jdk7u79\2331\hotspot\src\share\vm\prims\jvm.cpp:1304
Event: 1.539 Thread 0x000000000af60000 Threw 0x00000000ec019768 at C:\re\jdk7u79\2331\hotspot\src\share\vm\prims\jvm.cpp:1304
Event: 1.689 Thread 0x000000000afd9000 Implicit null exception at 0x0000000002c893e5 to 0x0000000002c8a5f9
Event: 2.105 Thread 0x0000000002acd800 Threw 0x00000000eada0d08 at C:\re\jdk7u79\2331\hotspot\src\share\vm\prims\jvm.cpp:1304
Event: 2.155 Thread 0x000000000afd9000 Implicit null exception at 0x0000000002c6d992 to 0x0000000002c6da82
Event: 2.323 Thread 0x000000000b00d000 Threw 0x00000000eb86cf48 at C:\re\jdk7u79\2331\hotspot\src\share\vm\prims\jvm.cpp:1304
Event: 2.742 Thread 0x0000000002acd800 Threw 0x00000000ebf92448 at C:\re\jdk7u79\2331\hotspot\src\share\vm\prims\jvm.cpp:1304
Event: 2.754 Thread 0x0000000002acd800 Threw 0x00000000ebfa7a80 at C:\re\jdk7u79\2331\hotspot\src\share\vm\prims\jvm.cpp:1304
Event: 3.156 Thread 0x0000000002acd800 Threw 0x00000000ec48a318 at C:\re\jdk7u79\2331\hotspot\src\share\vm\prims\jvm.cpp:1304
Event: 3.201 Thread 0x0000000002acd800 Threw 0x00000000ec4cf418 at C:\re\jdk7u79\2331\hotspot\src\share\vm\prims\jvm.cpp:1304

Events (10 events):
Event: 2.740 loading class 0x000000000ae60130
Event: 2.741 loading class 0x000000000ae60130 done
Event: 2.742 loading class 0x000000000b006c80
Event: 2.742 loading class 0x000000000b006c80 done
Event: 2.754 loading class 0x000000000afc9710
Event: 2.754 loading class 0x000000000afc9710 done
Event: 3.156 loading class 0x000000000af3bad0
Event: 3.156 loading class 0x000000000af3bad0 done
Event: 3.201 loading class 0x000000000b002440
Event: 3.201 loading class 0x000000000b002440 done


Dynamic libraries:
0x00007ff77a7e0000 - 0x00007ff77a813000 	C:\Program Files\Java\jdk1.7.0_79\bin\java.exe
0x00007ff95de80000 - 0x00007ff95e051000 	C:\WINDOWS\SYSTEM32\ntdll.dll
0x00007ff95b980000 - 0x00007ff95ba2b000 	C:\WINDOWS\System32\KERNEL32.DLL
0x00007ff95aae0000 - 0x00007ff95acfd000 	C:\WINDOWS\System32\KERNELBASE.dll
0x00007ff95bec0000 - 0x00007ff95bf62000 	C:\WINDOWS\System32\ADVAPI32.dll
0x00007ff95b8e0000 - 0x00007ff95b97e000 	C:\WINDOWS\System32\msvcrt.dll
0x00007ff95b410000 - 0x00007ff95b469000 	C:\WINDOWS\System32\sechost.dll
0x00007ff95b7b0000 - 0x00007ff95b8d1000 	C:\WINDOWS\System32\RPCRT4.dll
0x00007ff95b470000 - 0x00007ff95b5d5000 	C:\WINDOWS\System32\USER32.dll
0x00007ff95ad00000 - 0x00007ff95ad1e000 	C:\WINDOWS\System32\win32u.dll
0x00007ff95d950000 - 0x00007ff95d984000 	C:\WINDOWS\System32\GDI32.dll
0x00007ff95add0000 - 0x00007ff95af52000 	C:\WINDOWS\System32\gdi32full.dll
0x00007ff9505a0000 - 0x00007ff950819000 	C:\WINDOWS\WinSxS\amd64_microsoft.windows.common-controls_6595b64144ccf1df_6.0.14393.447_none_42191651c6827bb3\COMCTL32.dll
0x00007ff95da10000 - 0x00007ff95dcd8000 	C:\WINDOWS\System32\combase.dll
0x00007ff95b1d0000 - 0x00007ff95b2c5000 	C:\WINDOWS\System32\ucrtbase.dll
0x00007ff95b380000 - 0x00007ff95b3ea000 	C:\WINDOWS\System32\bcryptPrimitives.dll
0x00007ff95c170000 - 0x00007ff95c19e000 	C:\WINDOWS\System32\IMM32.DLL
0x00007ff95a1c0000 - 0x00007ff95a1f1000 	C:\windows\system32\nvinitx.dll
0x00007ff95a1b0000 - 0x00007ff95a1ba000 	C:\WINDOWS\SYSTEM32\VERSION.dll
0x000000005aa90000 - 0x000000005ab62000 	C:\Program Files\Java\jdk1.7.0_79\jre\bin\msvcr100.dll
0x000000005aea0000 - 0x000000005b675000 	C:\Program Files\Java\jdk1.7.0_79\jre\bin\server\jvm.dll
0x00007ff95da00000 - 0x00007ff95da08000 	C:\WINDOWS\System32\PSAPI.DLL
0x00007ff94ef30000 - 0x00007ff94ef39000 	C:\WINDOWS\SYSTEM32\WSOCK32.dll
0x00007ff955680000 - 0x00007ff9556a3000 	C:\WINDOWS\SYSTEM32\WINMM.dll
0x00007ff95c1a0000 - 0x00007ff95c20a000 	C:\WINDOWS\System32\WS2_32.dll
0x00007ff955650000 - 0x00007ff95567b000 	C:\WINDOWS\SYSTEM32\WINMMBASE.dll
0x00007ff95a350000 - 0x00007ff95a392000 	C:\WINDOWS\System32\cfgmgr32.dll
0x000000005bb60000 - 0x000000005bb6f000 	C:\Program Files\Java\jdk1.7.0_79\jre\bin\verify.dll
0x000000005bb30000 - 0x000000005bb58000 	C:\Program Files\Java\jdk1.7.0_79\jre\bin\java.dll
0x000000005b9e0000 - 0x000000005b9f5000 	C:\Program Files\Java\jdk1.7.0_79\jre\bin\zip.dll
0x000000005b9c0000 - 0x000000005b9da000 	C:\Program Files\Java\jdk1.7.0_79\jre\bin\net.dll
0x00007ff959b40000 - 0x00007ff959b9c000 	C:\WINDOWS\system32\mswsock.dll
0x000000005ae80000 - 0x000000005ae91000 	C:\Program Files\Java\jdk1.7.0_79\jre\bin\nio.dll

VM Arguments:
jvm_args: -Djava.awt.headless=true -Xmx1024M -Dfile.encoding=windows-1252 -Duser.country=US -Duser.language=en -Duser.variant 
java_command: com.android.dx.command.Main --dex --num-threads=4 --output C:\Users\Fatima\AndroidStudioProjects\MyQuizApp\app\build\intermediates\pre-dexed\debug\com.android.support-support-core-utils-25.2.0_1f4da5db171d412e692d9def304aa9d0d091fbea.jar C:\Users\Fatima\AndroidStudioProjects\MyQuizApp\app\build\intermediates\exploded-aar\com.android.support\support-core-utils\25.2.0\jars\classes.jar
Launcher Type: SUN_STANDARD

Environment Variables:
JAVA_HOME=C:\Program Files\Java\jdk1.7.0_79
PATH=C:\ProgramData\Oracle\Java\javapath;C:\Program Files\Common Files\Microsoft Shared\Windows Live;C:\Program Files (x86)\Common Files\Microsoft Shared\Windows Live;C:\Program Files (x86)\NVIDIA Corporation\PhysX\Common;C:\Program Files (x86)\Intel\iCLS Client\;C:\Program Files\Intel\iCLS Client\;C:\WINDOWS\system32;C:\WINDOWS;C:\WINDOWS\System32\Wbem;C:\WINDOWS\System32\WindowsPowerShell\v1.0\;C:\Program Files\Intel\Intel(R) Management Engine Components\DAL;C:\Program Files\Intel\Intel(R) Management Engine Components\IPT;C:\Program Files (x86)\Intel\Intel(R) Management Engine Components\DAL;C:\Program Files (x86)\Intel\Intel(R) Management Engine Components\IPT;C:\Program Files (x86)\Intel\OpenCL SDK\2.0\bin\x86;C:\Program Files (x86)\Intel\OpenCL SDK\2.0\bin\x64;C:\Program Files\Intel\WiFi\bin\;C:\Program Files\Common Files\Intel\WirelessCommon\;C:\Program Files\Diskeeper Corporation\ExpressCache\;C:\Program Files (x86)\Windows Live\Shared;c:\Program Files (x86)\Microsoft SQL Server\100\Tools\Binn\;c:\Program Files\Microsoft SQL Server\100\Tools\Binn\;c:\Program Files\Microsoft SQL Server\100\DTS\Binn\;C:\Program Files (x86)\Autodesk\Backburner\;C:\VXIPNP\WinNT\Bin;C:\Program Files (x86)\QuickTime\QTSystem\;C:\Program Files\Git\cmd;C:\Program Files\nodejs\;C:\Users\Fatima\AppData\Roaming\npm;C:\Program Files (x86)\Microsoft VS Code\bin;C:\Users\Fatima\AppData\Local\Microsoft\WindowsApps;
USERNAME=Fatima
OS=Windows_NT
PROCESSOR_IDENTIFIER=Intel64 Family 6 Model 58 Stepping 9, GenuineIntel



---------------  S Y S T E M  ---------------

OS: Windows 8.1 , 64 bit Build 9600 

CPU:total 8 (4 cores per cpu, 2 threads per core) family 6 model 58 stepping 9, cmov, cx8, fxsr, mmx, sse, sse2, sse3, ssse3, sse4.1, sse4.2, popcnt, avx, aes, erms, ht, tsc, tscinvbit, tscinv

Memory: 4k page, physical 8164892k(1348752k free), swap 10102300k(4140k free)

vm_info: Java HotSpot(TM) 64-Bit Server VM (24.79-b02) for windows-amd64 JRE (1.7.0_79-b15), built on Apr 10 2015 12:36:16 by "java_re" with unknown MS VC++:1600

time: Sat Mar 11 15:09:01 2017
elapsed time: 3 seconds

