#
# There is insufficient memory for the Java Runtime Environment to continue.
# Native memory allocation (malloc) failed to allocate 1048576 bytes for AllocateHeap
# Possible reasons:
#   The system is out of physical RAM or swap space
#   In 32 bit mode, the process size limit was hit
# Possible solutions:
#   Reduce memory load on the system
#   Increase physical memory or swap space
#   Check if swap backing store is full
#   Use 64 bit Java on a 64 bit OS
#   Decrease Java heap size (-Xmx/-Xms)
#   Decrease number of Java threads
#   Decrease Java thread stack sizes (-Xss)
#   Set larger code cache with -XX:ReservedCodeCacheSize=
# This output file may be truncated or incomplete.
#
#  Out of Memory Error (memory/allocation.inline.hpp:61), pid=10300, tid=10228
#
# JRE version:  (7.0_79-b15) (build )
# Java VM: Java HotSpot(TM) 64-Bit Server VM (24.79-b02 mixed mode windows-amd64 compressed oops)
# Failed to write core dump. Minidumps are not enabled by default on client versions of Windows
#

---------------  T H R E A D  ---------------

Current thread (0x000000000294d800):  JavaThread "Unknown thread" [_thread_in_vm, id=10228, stack(0x0000000002800000,0x0000000002900000)]

Stack: [0x0000000002800000,0x0000000002900000]

---------------  P R O C E S S  ---------------

Java Threads: ( => current thread )

Other Threads:

=>0x000000000294d800 (exited) JavaThread "Unknown thread" [_thread_in_vm, id=10228, stack(0x0000000002800000,0x0000000002900000)]

VM state:not at safepoint (normal execution)

VM Mutex/Monitor currently owned by a thread: None

Heap
 PSYoungGen      total 37376K, used 645K [0x00000000eaa80000, 0x00000000ed400000, 0x0000000100000000)
  eden space 32256K, 2% used [0x00000000eaa80000,0x00000000eab214d0,0x00000000eca00000)
  from space 5120K, 0% used [0x00000000ecf00000,0x00000000ecf00000,0x00000000ed400000)
  to   space 5120K, 0% used [0x00000000eca00000,0x00000000eca00000,0x00000000ecf00000)
 ParOldGen       total 84992K, used 0K [0x00000000c0000000, 0x00000000c5300000, 0x00000000eaa80000)
  object space 84992K, 0% used [0x00000000c0000000,0x00000000c0000000,0x00000000c5300000)
 PSPermGen       total 21504K, used 697K [0x00000000bae00000, 0x00000000bc300000, 0x00000000c0000000)
  object space 21504K, 3% used [0x00000000bae00000,0x00000000baeae588,0x00000000bc300000)

Card table byte_map: [0x0000000005b10000,0x0000000005d40000] byte_map_base: 0x0000000005539000

Polling page: 0x0000000002770000

Code Cache  [0x0000000002a50000, 0x0000000002cc0000, 0x0000000005a50000)
 total_blobs=38 nmethods=0 adapters=20 free_code_cache=48889Kb largest_free_block=50062528

Compilation events (0 events):
No events

GC Heap History (0 events):
No events

Deoptimization events (0 events):
No events

Internal exceptions (0 events):
No events

Events (10 events):
Event: 0.022 loading class 0x000000000299fd10
Event: 0.022 loading class 0x000000000299fd10 done
Event: 0.022 loading class 0x000000000299fd60
Event: 0.023 loading class 0x000000000299fd60 done
Event: 0.023 loading class 0x000000000299fdb0
Event: 0.023 loading class 0x000000000299fdb0 done
Event: 0.024 loading class 0x00000000029a0b30
Event: 0.024 loading class 0x00000000029a0b30 done
Event: 0.024 loading class 0x00000000029a0750
Event: 0.024 loading class 0x00000000029a0750 done


Dynamic libraries:
0x00007ff713d30000 - 0x00007ff713d63000 	C:\Program Files\Java\jdk1.7.0_79\bin\java.exe
0x00007ffa29d90000 - 0x00007ffa29f61000 	C:\WINDOWS\SYSTEM32\ntdll.dll
0x00007ffa27df0000 - 0x00007ffa27e9b000 	C:\WINDOWS\System32\KERNEL32.DLL
0x00007ffa263a0000 - 0x00007ffa265bd000 	C:\WINDOWS\System32\KERNELBASE.dll
0x00007ffa285c0000 - 0x00007ffa28662000 	C:\WINDOWS\System32\ADVAPI32.dll
0x00007ffa27920000 - 0x00007ffa279be000 	C:\WINDOWS\System32\msvcrt.dll
0x00007ffa278c0000 - 0x00007ffa27919000 	C:\WINDOWS\System32\sechost.dll
0x00007ffa27ea0000 - 0x00007ffa27fc1000 	C:\WINDOWS\System32\RPCRT4.dll
0x00007ffa28260000 - 0x00007ffa283c5000 	C:\WINDOWS\System32\USER32.dll
0x00007ffa26380000 - 0x00007ffa2639e000 	C:\WINDOWS\System32\win32u.dll
0x00007ffa28110000 - 0x00007ffa28144000 	C:\WINDOWS\System32\GDI32.dll
0x00007ffa26890000 - 0x00007ffa26a12000 	C:\WINDOWS\System32\gdi32full.dll
0x00007ffa1aad0000 - 0x00007ffa1ad49000 	C:\WINDOWS\WinSxS\amd64_microsoft.windows.common-controls_6595b64144ccf1df_6.0.14393.447_none_42191651c6827bb3\COMCTL32.dll
0x00007ffa27b20000 - 0x00007ffa27de8000 	C:\WINDOWS\System32\combase.dll
0x00007ffa26a20000 - 0x00007ffa26b15000 	C:\WINDOWS\System32\ucrtbase.dll
0x00007ffa26310000 - 0x00007ffa2637a000 	C:\WINDOWS\System32\bcryptPrimitives.dll
0x00007ffa28480000 - 0x00007ffa284ae000 	C:\WINDOWS\System32\IMM32.DLL
0x00007ffa260d0000 - 0x00007ffa26101000 	C:\windows\system32\nvinitx.dll
0x00007ffa260c0000 - 0x00007ffa260ca000 	C:\WINDOWS\SYSTEM32\VERSION.dll
0x0000000055580000 - 0x0000000055652000 	C:\Program Files\Java\jdk1.7.0_79\jre\bin\msvcr100.dll
0x0000000055690000 - 0x0000000055e65000 	C:\Program Files\Java\jdk1.7.0_79\jre\bin\server\jvm.dll
0x00007ffa28810000 - 0x00007ffa28818000 	C:\WINDOWS\System32\PSAPI.DLL
0x00007ffa1d740000 - 0x00007ffa1d749000 	C:\WINDOWS\SYSTEM32\WSOCK32.dll
0x00007ffa283d0000 - 0x00007ffa2843a000 	C:\WINDOWS\System32\WS2_32.dll
0x00007ffa21060000 - 0x00007ffa21083000 	C:\WINDOWS\SYSTEM32\WINMM.dll
0x00007ffa21000000 - 0x00007ffa2102b000 	C:\WINDOWS\SYSTEM32\WINMMBASE.dll
0x00007ffa272b0000 - 0x00007ffa272f2000 	C:\WINDOWS\System32\cfgmgr32.dll
0x00000000567a0000 - 0x00000000567af000 	C:\Program Files\Java\jdk1.7.0_79\jre\bin\verify.dll
0x0000000056770000 - 0x0000000056798000 	C:\Program Files\Java\jdk1.7.0_79\jre\bin\java.dll
0x0000000056750000 - 0x0000000056765000 	C:\Program Files\Java\jdk1.7.0_79\jre\bin\zip.dll

VM Arguments:
jvm_args: -Djava.awt.headless=true -Xmx1024M -Dfile.encoding=windows-1252 -Duser.country=US -Duser.language=en -Duser.variant 
java_command: com.android.dx.command.Main --dex --num-threads=4 --output C:\Users\Fatima\AndroidStudioProjects\MyQuizApp\app\build\intermediates\pre-dexed\debug\support-annotations-25.2.0_2c304339e3986b6894e8a358cff31a44860f8ee2.jar C:\Users\Fatima\AppData\Local\Android\sdk\extras\android\m2repository\com\android\support\support-annotations\25.2.0\support-annotations-25.2.0.jar
Launcher Type: SUN_STANDARD

Environment Variables:
JAVA_HOME=C:\Program Files\Java\jdk1.7.0_79
PATH=C:\ProgramData\Oracle\Java\javapath;C:\Program Files\Common Files\Microsoft Shared\Windows Live;C:\Program Files (x86)\Common Files\Microsoft Shared\Windows Live;C:\Program Files (x86)\NVIDIA Corporation\PhysX\Common;C:\Program Files (x86)\Intel\iCLS Client\;C:\Program Files\Intel\iCLS Client\;C:\WINDOWS\system32;C:\WINDOWS;C:\WINDOWS\System32\Wbem;C:\WINDOWS\System32\WindowsPowerShell\v1.0\;C:\Program Files\Intel\Intel(R) Management Engine Components\DAL;C:\Program Files\Intel\Intel(R) Management Engine Components\IPT;C:\Program Files (x86)\Intel\Intel(R) Management Engine Components\DAL;C:\Program Files (x86)\Intel\Intel(R) Management Engine Components\IPT;C:\Program Files (x86)\Intel\OpenCL SDK\2.0\bin\x86;C:\Program Files (x86)\Intel\OpenCL SDK\2.0\bin\x64;C:\Program Files\Intel\WiFi\bin\;C:\Program Files\Common Files\Intel\WirelessCommon\;C:\Program Files\Diskeeper Corporation\ExpressCache\;C:\Program Files (x86)\Windows Live\Shared;c:\Program Files (x86)\Microsoft SQL Server\100\Tools\Binn\;c:\Program Files\Microsoft SQL Server\100\Tools\Binn\;c:\Program Files\Microsoft SQL Server\100\DTS\Binn\;C:\Program Files (x86)\Autodesk\Backburner\;C:\VXIPNP\WinNT\Bin;C:\Program Files (x86)\QuickTime\QTSystem\;C:\Program Files\Git\cmd;C:\Program Files\nodejs\;C:\Users\Fatima\AppData\Roaming\npm;C:\Program Files (x86)\Microsoft VS Code\bin;C:\Users\Fatima\AppData\Local\Microsoft\WindowsApps;
USERNAME=Fatima
OS=Windows_NT
PROCESSOR_IDENTIFIER=Intel64 Family 6 Model 58 Stepping 9, GenuineIntel



---------------  S Y S T E M  ---------------

OS: Windows 8.1 , 64 bit Build 9600 

CPU:total 8 (4 cores per cpu, 2 threads per core) family 6 model 58 stepping 9, cmov, cx8, fxsr, mmx, sse, sse2, sse3, ssse3, sse4.1, sse4.2, popcnt, avx, aes, erms, ht, tsc, tscinvbit, tscinv

Memory: 4k page, physical 8164892k(2054696k free), swap 10102300k(7232k free)

vm_info: Java HotSpot(TM) 64-Bit Server VM (24.79-b02) for windows-amd64 JRE (1.7.0_79-b15), built on Apr 10 2015 12:36:16 by "java_re" with unknown MS VC++:1600

time: Sat Mar 11 11:57:40 2017
elapsed time: 0 seconds

